Using pre-set license
Built from '2020.3/staging' branch; Version is '2020.3.16f1 (049d6eca3c44) revision 302446'; Using compiler version '192528614'; Build Type 'Release'
OS: 'Windows 10 Pro; OS build 22000.376; Version 2009; 64bit' Language: 'en' Physical Memory: 16297 MB
BatchMode: 1, IsHumanControllingUs: 0, StartBugReporterOnCrash: 0, Is64bit: 1, IsPro: 0

 COMMAND LINE ARGUMENTS:
C:\Program Files\Unity\Hub\Editor\2020.3.16f1\Editor\Unity.exe
-adb2
-batchMode
-noUpm
-name
AssetImportWorker0
-projectPath
D:/Unity/Unity Projects/6CS014-Portfolio
-logFile
Logs/AssetImportWorker0.log
-srvPort
55864
Successfully changed project path to: D:/Unity/Unity Projects/6CS014-Portfolio
D:/Unity/Unity Projects/6CS014-Portfolio
Using Asset Import Pipeline V2.
Refreshing native plugins compatible for Editor in 32.71 ms, found 2 plugins.
Preloading 0 native plugins for Editor in 0.00 ms.
Initialize engine version: 2020.3.16f1 (049d6eca3c44)
[Subsystems] Discovering subsystems at path C:/Program Files/Unity/Hub/Editor/2020.3.16f1/Editor/Data/Resources/UnitySubsystems
[Subsystems] Discovering subsystems at path D:/Unity/Unity Projects/6CS014-Portfolio/Assets
GfxDevice: creating device client; threaded=0
Direct3D:
    Version:  Direct3D 11.0 [level 11.1]
    Renderer: AMD Radeon RX 5700 (ID=0x731f)
    Vendor:   
    VRAM:     8151 MB
    Driver:   27.20.22025.1006
Initialize mono
Mono path[0] = 'C:/Program Files/Unity/Hub/Editor/2020.3.16f1/Editor/Data/Managed'
Mono path[1] = 'C:/Program Files/Unity/Hub/Editor/2020.3.16f1/Editor/Data/MonoBleedingEdge/lib/mono/unityjit'
Mono config path = 'C:/Program Files/Unity/Hub/Editor/2020.3.16f1/Editor/Data/MonoBleedingEdge/etc'
Using monoOptions --debugger-agent=transport=dt_socket,embedding=1,server=y,suspend=n,address=127.0.0.1:56096
Begin MonoManager ReloadAssembly
Registering precompiled unity dll's ...
Register platform support module: C:/Program Files/Unity/Hub/Editor/2020.3.16f1/Editor/Data/PlaybackEngines/WindowsStandaloneSupport/UnityEditor.WindowsStandalone.Extensions.dll
Registered in 0.003588 seconds.
Native extension for WindowsStandalone target not found
Refreshing native plugins compatible for Editor in 42.69 ms, found 2 plugins.
Preloading 0 native plugins for Editor in 0.00 ms.
Mono: successfully reloaded assembly
- Completed reload, in  1.424 seconds
Domain Reload Profiling:
	ReloadAssembly (1425ms)
		BeginReloadAssembly (58ms)
			ExecutionOrderSort (0ms)
			DisableScriptedObjects (0ms)
			BackupInstance (0ms)
			ReleaseScriptingObjects (0ms)
			CreateAndSetChildDomain (1ms)
		EndReloadAssembly (489ms)
			LoadAssemblies (54ms)
			RebuildTransferFunctionScriptingTraits (0ms)
			SetupTypeCache (183ms)
			ReleaseScriptCaches (0ms)
			RebuildScriptCaches (36ms)
			SetupLoadedEditorAssemblies (181ms)
				LogAssemblyErrors (0ms)
				InitializePlatformSupportModulesInManaged (6ms)
				SetLoadedEditorAssemblies (0ms)
				RefreshPlugins (44ms)
				BeforeProcessingInitializeOnLoad (17ms)
				ProcessInitializeOnLoadAttributes (82ms)
				ProcessInitializeOnLoadMethodAttributes (32ms)
				AfterProcessingInitializeOnLoad (0ms)
				EditorAssembliesLoaded (0ms)
			ExecutionOrderSort2 (0ms)
			AwakeInstancesAfterBackupRestoration (0ms)
Platform modules already initialized, skipping
Registering precompiled user dll's ...
Registered in 0.002838 seconds.
Begin MonoManager ReloadAssembly
Native extension for WindowsStandalone target not found
Refreshing native plugins compatible for Editor in 0.91 ms, found 2 plugins.
Preloading 0 native plugins for Editor in 0.00 ms.
Mono: successfully reloaded assembly
- Completed reload, in  1.239 seconds
Domain Reload Profiling:
	ReloadAssembly (1240ms)
		BeginReloadAssembly (160ms)
			ExecutionOrderSort (0ms)
			DisableScriptedObjects (4ms)
			BackupInstance (0ms)
			ReleaseScriptingObjects (0ms)
			CreateAndSetChildDomain (25ms)
		EndReloadAssembly (1006ms)
			LoadAssemblies (80ms)
			RebuildTransferFunctionScriptingTraits (0ms)
			SetupTypeCache (303ms)
			ReleaseScriptCaches (0ms)
			RebuildScriptCaches (48ms)
			SetupLoadedEditorAssemblies (470ms)
				LogAssemblyErrors (0ms)
				InitializePlatformSupportModulesInManaged (6ms)
				SetLoadedEditorAssemblies (1ms)
				RefreshPlugins (1ms)
				BeforeProcessingInitializeOnLoad (93ms)
				ProcessInitializeOnLoadAttributes (351ms)
				ProcessInitializeOnLoadMethodAttributes (5ms)
				AfterProcessingInitializeOnLoad (12ms)
				EditorAssembliesLoaded (0ms)
			ExecutionOrderSort2 (0ms)
			AwakeInstancesAfterBackupRestoration (7ms)
Platform modules already initialized, skipping
========================================================================
Worker process is ready to serve import requests
Launched and connected shader compiler UnityShaderCompiler.exe after 0.09 seconds
Refreshing native plugins compatible for Editor in 0.70 ms, found 2 plugins.
Preloading 0 native plugins for Editor in 0.00 ms.
Unloading 1422 Unused Serialized files (Serialized files now loaded: 0)
System memory in use before: 79.3 MB.
System memory in use after: 79.4 MB.

Unloading 17 unused Assets to reduce memory usage. Loaded Objects now: 1877.
Total: 4.018400 ms (FindLiveObjects: 0.210700 ms CreateObjectMapping: 0.036400 ms MarkObjects: 3.733700 ms  DeleteObjects: 0.035600 ms)

AssetImportParameters requested are different than current active one (requested -> active):
  custom:framework-win-MediaFoundation: 216162199b28c13a410421893ffa2e32 -> 
  custom:video-decoder-ogg-theora: a1e56fd34408186e4bbccfd4996cb3dc -> 
  custom:container-muxer-webm: aa71ff27fc2769a1b78a27578f13a17b -> 
  custom:container-demuxer-webm: 4f35f7cbe854078d1ac9338744f61a02 -> 
  custom:container-demuxer-ogg: 62fdf1f143b41e24485cea50d1cbac27 -> 
  custom:video-encoder-webm-vp8: eb34c28f22e8b96e1ab97ce403110664 -> 
  custom:video-decoder-webm-vp8: 9c59270c3fd7afecdb556c50c9e8de78 -> 
  custom:audio-decoder-ogg-vorbis: bf7c407c2cedff20999df2af8eb42d56 -> 
  custom:audio-encoder-webm-vorbis: bf7c407c2cedff20999df2af8eb42d56 -> 
========================================================================
Received Import Request.
  path: Assets/Scripts/Part3/Part3_Controller.cs
  artifactKey: Guid(7c5decdb62217ef48a6e9b5684343edf) Importer(815301076,1909f56bfc062723c751e8b465ee728b)
Start importing Assets/Scripts/Part3/Part3_Controller.cs using Guid(7c5decdb62217ef48a6e9b5684343edf) Importer(815301076,1909f56bfc062723c751e8b465ee728b)  -> (artifact id: 'd979ebfcf856cbd94c4e5a30a730255a') in 0.047052 seconds 
  Import took 0.050281 seconds .

========================================================================
Received Import Request.
  Time since last request: 36.160918 seconds.
  path: Assets/Scripts/Part3/Part3_Controller.cs
  artifactKey: Guid(7c5decdb62217ef48a6e9b5684343edf) Importer(815301076,1909f56bfc062723c751e8b465ee728b)
Start importing Assets/Scripts/Part3/Part3_Controller.cs using Guid(7c5decdb62217ef48a6e9b5684343edf) Importer(815301076,1909f56bfc062723c751e8b465ee728b)  -> (artifact id: 'acaef0547828f43f9e372433a7c241c9') in 0.003093 seconds 
  Import took 0.005889 seconds .

========================================================================
Received Import Request.
  Time since last request: 14.506217 seconds.
  path: Assets/Scripts/Part3/Part3_Controller.cs
  artifactKey: Guid(7c5decdb62217ef48a6e9b5684343edf) Importer(815301076,1909f56bfc062723c751e8b465ee728b)
Start importing Assets/Scripts/Part3/Part3_Controller.cs using Guid(7c5decdb62217ef48a6e9b5684343edf) Importer(815301076,1909f56bfc062723c751e8b465ee728b)  -> (artifact id: '054e937360ed6eb390ced274851c265c') in 0.003109 seconds 
  Import took 0.103654 seconds .

========================================================================
Received Import Request.
  Time since last request: 345.521247 seconds.
  path: Assets/Scripts/Part3/Part3_Controller.cs
  artifactKey: Guid(7c5decdb62217ef48a6e9b5684343edf) Importer(815301076,1909f56bfc062723c751e8b465ee728b)
Start importing Assets/Scripts/Part3/Part3_Controller.cs using Guid(7c5decdb62217ef48a6e9b5684343edf) Importer(815301076,1909f56bfc062723c751e8b465ee728b)  -> (artifact id: '070230268899a98f0583bc746f9a5156') in 0.004958 seconds 
  Import took 0.124974 seconds .

========================================================================
Received Import Request.
  Time since last request: 22335.700395 seconds.
  path: Assets/Scripts/Part3/Part3_Controller.cs
  artifactKey: Guid(7c5decdb62217ef48a6e9b5684343edf) Importer(815301076,1909f56bfc062723c751e8b465ee728b)
Start importing Assets/Scripts/Part3/Part3_Controller.cs using Guid(7c5decdb62217ef48a6e9b5684343edf) Importer(815301076,1909f56bfc062723c751e8b465ee728b)  -> (artifact id: '75bda3ebaff93437b21fe7640bf399d7') in 0.010116 seconds 
  Import took 0.025316 seconds .

========================================================================
Received Import Request.
  Time since last request: 44.625234 seconds.
  path: Assets/Scripts/Part3/Part3_Controller.cs
  artifactKey: Guid(7c5decdb62217ef48a6e9b5684343edf) Importer(815301076,1909f56bfc062723c751e8b465ee728b)
Start importing Assets/Scripts/Part3/Part3_Controller.cs using Guid(7c5decdb62217ef48a6e9b5684343edf) Importer(815301076,1909f56bfc062723c751e8b465ee728b)  -> (artifact id: '49e1ac878e03ebcf00acf426ccb51905') in 0.003446 seconds 
  Import took 0.009160 seconds .

========================================================================
Received Import Request.
  Time since last request: 31.190491 seconds.
  path: Assets/Scripts/Part3/Part3_Controller.cs
  artifactKey: Guid(7c5decdb62217ef48a6e9b5684343edf) Importer(815301076,1909f56bfc062723c751e8b465ee728b)
Start importing Assets/Scripts/Part3/Part3_Controller.cs using Guid(7c5decdb62217ef48a6e9b5684343edf) Importer(815301076,1909f56bfc062723c751e8b465ee728b)  -> (artifact id: 'cf7f46fbf61e849700091218b08305fb') in 0.004036 seconds 
  Import took 0.007471 seconds .

========================================================================
Received Import Request.
  Time since last request: 55.011156 seconds.
  path: Assets/Scripts/Part3/Part3_Controller.cs
  artifactKey: Guid(7c5decdb62217ef48a6e9b5684343edf) Importer(815301076,1909f56bfc062723c751e8b465ee728b)
Start importing Assets/Scripts/Part3/Part3_Controller.cs using Guid(7c5decdb62217ef48a6e9b5684343edf) Importer(815301076,1909f56bfc062723c751e8b465ee728b)  -> (artifact id: '84c6547c2714210f13268507fdab2145') in 0.003919 seconds 
  Import took 0.016701 seconds .

========================================================================
Received Import Request.
  Time since last request: 4.530375 seconds.
  path: Assets/Scripts/Part3/Part3_Controller.cs
  artifactKey: Guid(7c5decdb62217ef48a6e9b5684343edf) Importer(815301076,1909f56bfc062723c751e8b465ee728b)
Start importing Assets/Scripts/Part3/Part3_Controller.cs using Guid(7c5decdb62217ef48a6e9b5684343edf) Importer(815301076,1909f56bfc062723c751e8b465ee728b)  -> (artifact id: '5afc362874dd874f355253c18f231ecb') in 0.003924 seconds 
  Import took 0.007195 seconds .

========================================================================
Received Import Request.
  Time since last request: 77.040485 seconds.
  path: Assets/Scripts/Part3/Part3_Controller.cs
  artifactKey: Guid(7c5decdb62217ef48a6e9b5684343edf) Importer(815301076,1909f56bfc062723c751e8b465ee728b)
Start importing Assets/Scripts/Part3/Part3_Controller.cs using Guid(7c5decdb62217ef48a6e9b5684343edf) Importer(815301076,1909f56bfc062723c751e8b465ee728b)  -> (artifact id: '05f8c4fe22b7445c4329d45226e8b596') in 0.003291 seconds 
  Import took 0.006775 seconds .

========================================================================
Received Import Request.
  Time since last request: 7.465376 seconds.
  path: Assets/Scripts/Part3/Part3_Controller.cs
  artifactKey: Guid(7c5decdb62217ef48a6e9b5684343edf) Importer(815301076,1909f56bfc062723c751e8b465ee728b)
Start importing Assets/Scripts/Part3/Part3_Controller.cs using Guid(7c5decdb62217ef48a6e9b5684343edf) Importer(815301076,1909f56bfc062723c751e8b465ee728b)  -> (artifact id: '7cb6f8bd58f2b3bed5f5978746600fa7') in 0.004495 seconds 
  Import took 0.011122 seconds .

========================================================================
Received Import Request.
  Time since last request: 1858.956159 seconds.
  path: Assets/Scenes/Part03.unity
  artifactKey: Guid(7d53621d44165e749b78576543456639) Importer(815301076,1909f56bfc062723c751e8b465ee728b)
Start importing Assets/Scenes/Part03.unity using Guid(7d53621d44165e749b78576543456639) Importer(815301076,1909f56bfc062723c751e8b465ee728b)  -> (artifact id: 'aa5ee48a520e129bd596e38b01a1090a') in 0.071270 seconds 
  Import took 0.074160 seconds .

========================================================================
Received Import Request.
  Time since last request: 11376.327852 seconds.
  path: Assets/Scripts/ACO/pathinfo.cs
  artifactKey: Guid(9e16efe9d97f095408117bc004d26cff) Importer(815301076,1909f56bfc062723c751e8b465ee728b)
Start importing Assets/Scripts/ACO/pathinfo.cs using Guid(9e16efe9d97f095408117bc004d26cff) Importer(815301076,1909f56bfc062723c751e8b465ee728b)  -> (artifact id: '63ab04087bb5d142e8e808f698d82091') in 0.002842 seconds 
  Import took 0.005531 seconds .

========================================================================
Received Import Request.
  Time since last request: 25.438204 seconds.
  path: Assets/Scripts/ACO/pathinfo.cs
  artifactKey: Guid(9e16efe9d97f095408117bc004d26cff) Importer(815301076,1909f56bfc062723c751e8b465ee728b)
Start importing Assets/Scripts/ACO/pathinfo.cs using Guid(9e16efe9d97f095408117bc004d26cff) Importer(815301076,1909f56bfc062723c751e8b465ee728b)  -> (artifact id: '1864fb05a7f986d66e33414aade7187b') in 0.004228 seconds 
  Import took 0.161553 seconds .

========================================================================
Received Import Request.
  Time since last request: 8.867694 seconds.
  path: Assets/Scripts/ACO/pathinfo.cs
  artifactKey: Guid(9e16efe9d97f095408117bc004d26cff) Importer(815301076,1909f56bfc062723c751e8b465ee728b)
Start importing Assets/Scripts/ACO/pathinfo.cs using Guid(9e16efe9d97f095408117bc004d26cff) Importer(815301076,1909f56bfc062723c751e8b465ee728b)  -> (artifact id: '41f0abab1f05cacefe95555badd3eb65') in 0.006368 seconds 
  Import took 0.036971 seconds .

========================================================================
Received Import Request.
  Time since last request: 50.331187 seconds.
  path: Assets/Scripts/Part3/Part3_Controller.cs
  artifactKey: Guid(7c5decdb62217ef48a6e9b5684343edf) Importer(815301076,1909f56bfc062723c751e8b465ee728b)
Start importing Assets/Scripts/Part3/Part3_Controller.cs using Guid(7c5decdb62217ef48a6e9b5684343edf) Importer(815301076,1909f56bfc062723c751e8b465ee728b)  -> (artifact id: '11564168befd1054f0b587750178c83f') in 0.003082 seconds 
  Import took 0.005579 seconds .

========================================================================
Received Import Request.
  Time since last request: 0.000385 seconds.
  path: Assets/Scripts/Part3/Part3_Controller.cs
  artifactKey: Guid(7c5decdb62217ef48a6e9b5684343edf) Importer(815301076,1909f56bfc062723c751e8b465ee728b)
Start importing Assets/Scripts/Part3/Part3_Controller.cs using Guid(7c5decdb62217ef48a6e9b5684343edf) Importer(815301076,1909f56bfc062723c751e8b465ee728b)  -> (artifact id: '11564168befd1054f0b587750178c83f') in 0.002593 seconds 
  Import took 0.004484 seconds .

========================================================================
Received Import Request.
  Time since last request: 13.537760 seconds.
  path: Assets/Scripts/Part3/Part3_Controller.cs
  artifactKey: Guid(7c5decdb62217ef48a6e9b5684343edf) Importer(815301076,1909f56bfc062723c751e8b465ee728b)
Start importing Assets/Scripts/Part3/Part3_Controller.cs using Guid(7c5decdb62217ef48a6e9b5684343edf) Importer(815301076,1909f56bfc062723c751e8b465ee728b)  -> (artifact id: 'abc0b97d6c81a4103963045c5c501f25') in 0.002733 seconds 
  Import took 0.015691 seconds .

========================================================================
Received Import Request.
  Time since last request: 0.000495 seconds.
  path: Assets/Scripts/Part3/Part3_Controller.cs
  artifactKey: Guid(7c5decdb62217ef48a6e9b5684343edf) Importer(815301076,1909f56bfc062723c751e8b465ee728b)
Start importing Assets/Scripts/Part3/Part3_Controller.cs using Guid(7c5decdb62217ef48a6e9b5684343edf) Importer(815301076,1909f56bfc062723c751e8b465ee728b)  -> (artifact id: 'abc0b97d6c81a4103963045c5c501f25') in 0.004313 seconds 
  Import took 0.006484 seconds .

========================================================================
Received Prepare
Registering precompiled user dll's ...
Registered in 0.003579 seconds.
Begin MonoManager ReloadAssembly
Native extension for WindowsStandalone target not found
Refreshing native plugins compatible for Editor in 0.33 ms, found 2 plugins.
Preloading 0 native plugins for Editor in 0.00 ms.
Mono: successfully reloaded assembly
- Completed reload, in  1.053 seconds
Domain Reload Profiling:
	ReloadAssembly (1054ms)
		BeginReloadAssembly (202ms)
			ExecutionOrderSort (0ms)
			DisableScriptedObjects (11ms)
			BackupInstance (0ms)
			ReleaseScriptingObjects (0ms)
			CreateAndSetChildDomain (82ms)
		EndReloadAssembly (786ms)
			LoadAssemblies (95ms)
			RebuildTransferFunctionScriptingTraits (0ms)
			SetupTypeCache (240ms)
			ReleaseScriptCaches (1ms)
			RebuildScriptCaches (35ms)
			SetupLoadedEditorAssemblies (343ms)
				LogAssemblyErrors (0ms)
				InitializePlatformSupportModulesInManaged (5ms)
				SetLoadedEditorAssemblies (0ms)
				RefreshPlugins (0ms)
				BeforeProcessingInitializeOnLoad (64ms)
				ProcessInitializeOnLoadAttributes (253ms)
				ProcessInitializeOnLoadMethodAttributes (6ms)
				AfterProcessingInitializeOnLoad (15ms)
				EditorAssembliesLoaded (0ms)
			ExecutionOrderSort2 (0ms)
			AwakeInstancesAfterBackupRestoration (7ms)
Platform modules already initialized, skipping
Refreshing native plugins compatible for Editor in 0.33 ms, found 2 plugins.
Preloading 0 native plugins for Editor in 0.00 ms.
Unloading 1417 Unused Serialized files (Serialized files now loaded: 0)
System memory in use before: 79.2 MB.
System memory in use after: 79.3 MB.

Unloading 13 unused Assets to reduce memory usage. Loaded Objects now: 1880.
Total: 2.725100 ms (FindLiveObjects: 0.237400 ms CreateObjectMapping: 0.044100 ms MarkObjects: 2.421700 ms  DeleteObjects: 0.020800 ms)

AssetImportParameters requested are different than current active one (requested -> active):
  custom:framework-win-MediaFoundation: 216162199b28c13a410421893ffa2e32 -> 
  custom:video-decoder-ogg-theora: a1e56fd34408186e4bbccfd4996cb3dc -> 
  custom:container-muxer-webm: aa71ff27fc2769a1b78a27578f13a17b -> 
  custom:container-demuxer-webm: 4f35f7cbe854078d1ac9338744f61a02 -> 
  custom:container-demuxer-ogg: 62fdf1f143b41e24485cea50d1cbac27 -> 
  custom:video-encoder-webm-vp8: eb34c28f22e8b96e1ab97ce403110664 -> 
  custom:video-decoder-webm-vp8: 9c59270c3fd7afecdb556c50c9e8de78 -> 
  custom:audio-decoder-ogg-vorbis: bf7c407c2cedff20999df2af8eb42d56 -> 
  custom:audio-encoder-webm-vorbis: bf7c407c2cedff20999df2af8eb42d56 -> 
========================================================================
Received Prepare
Registering precompiled user dll's ...
Registered in 0.002113 seconds.
Begin MonoManager ReloadAssembly
Native extension for WindowsStandalone target not found
Refreshing native plugins compatible for Editor in 0.34 ms, found 2 plugins.
Preloading 0 native plugins for Editor in 0.00 ms.
Mono: successfully reloaded assembly
- Completed reload, in  0.911 seconds
Domain Reload Profiling:
	ReloadAssembly (911ms)
		BeginReloadAssembly (114ms)
			ExecutionOrderSort (0ms)
			DisableScriptedObjects (3ms)
			BackupInstance (0ms)
			ReleaseScriptingObjects (0ms)
			CreateAndSetChildDomain (31ms)
		EndReloadAssembly (736ms)
			LoadAssemblies (70ms)
			RebuildTransferFunctionScriptingTraits (0ms)
			SetupTypeCache (222ms)
			ReleaseScriptCaches (1ms)
			RebuildScriptCaches (34ms)
			SetupLoadedEditorAssemblies (325ms)
				LogAssemblyErrors (0ms)
				InitializePlatformSupportModulesInManaged (5ms)
				SetLoadedEditorAssemblies (0ms)
				RefreshPlugins (0ms)
				BeforeProcessingInitializeOnLoad (62ms)
				ProcessInitializeOnLoadAttributes (245ms)
				ProcessInitializeOnLoadMethodAttributes (3ms)
				AfterProcessingInitializeOnLoad (9ms)
				EditorAssembliesLoaded (0ms)
			ExecutionOrderSort2 (0ms)
			AwakeInstancesAfterBackupRestoration (6ms)
Platform modules already initialized, skipping
Refreshing native plugins compatible for Editor in 0.33 ms, found 2 plugins.
Preloading 0 native plugins for Editor in 0.00 ms.
Unloading 1417 Unused Serialized files (Serialized files now loaded: 0)
System memory in use before: 79.2 MB.
System memory in use after: 79.3 MB.

Unloading 13 unused Assets to reduce memory usage. Loaded Objects now: 1882.
Total: 2.530700 ms (FindLiveObjects: 0.140000 ms CreateObjectMapping: 0.032900 ms MarkObjects: 2.339400 ms  DeleteObjects: 0.017200 ms)

AssetImportParameters requested are different than current active one (requested -> active):
  custom:framework-win-MediaFoundation: 216162199b28c13a410421893ffa2e32 -> 
  custom:video-decoder-ogg-theora: a1e56fd34408186e4bbccfd4996cb3dc -> 
  custom:container-muxer-webm: aa71ff27fc2769a1b78a27578f13a17b -> 
  custom:container-demuxer-webm: 4f35f7cbe854078d1ac9338744f61a02 -> 
  custom:container-demuxer-ogg: 62fdf1f143b41e24485cea50d1cbac27 -> 
  custom:video-encoder-webm-vp8: eb34c28f22e8b96e1ab97ce403110664 -> 
  custom:video-decoder-webm-vp8: 9c59270c3fd7afecdb556c50c9e8de78 -> 
  custom:audio-decoder-ogg-vorbis: bf7c407c2cedff20999df2af8eb42d56 -> 
  custom:audio-encoder-webm-vorbis: bf7c407c2cedff20999df2af8eb42d56 -> 
AssetImportWorkerClient::OnTransportError - code=2 error=End of file
